This is pdfTeX, Version 3.14159265-2.6-1.40.21 (TeX Live 2020) (preloaded format=pdflatex 2020.10.16)  17 FEB 2021 10:17
entering extended mode
 restricted \write18 enabled.
 %&-line parsing enabled.
**Firewall.tex
(./Firewall.tex
LaTeX2e <2020-10-01> patch level 1
L3 programming layer <2020-10-05> xparse <2020-03-03>
(/usr/local/texlive/2020/texmf-dist/tex/latex/base/article.cls
Document Class: article 2020/04/10 v1.4m Standard LaTeX document class
(/usr/local/texlive/2020/texmf-dist/tex/latex/base/size10.clo
File: size10.clo 2020/04/10 v1.4m Standard LaTeX file (size option)
)
\c@part=\count175
\c@section=\count176
\c@subsection=\count177
\c@subsubsection=\count178
\c@paragraph=\count179
\c@subparagraph=\count180
\c@figure=\count181
\c@table=\count182
\abovecaptionskip=\skip47
\belowcaptionskip=\skip48
\bibindent=\dimen138
) (/usr/local/texlive/2020/texmf-dist/tex/latex/graphics/color.sty
Package: color 2020/02/24 v1.2b Standard LaTeX Color (DPC)
(/usr/local/texlive/2020/texmf-dist/tex/latex/graphics-cfg/color.cfg
File: color.cfg 2016/01/02 v1.6 sample color configuration
)
Package color Info: Driver file: pdftex.def on input line 147.
(/usr/local/texlive/2020/texmf-dist/tex/latex/graphics-def/pdftex.def
File: pdftex.def 2020/10/05 v1.2a Graphics/color driver for pdftex
)) (/usr/local/texlive/2020/texmf-dist/tex/latex/base/latexsym.sty
Package: latexsym 1998/08/17 v2.2e Standard LaTeX package (lasy symbols)
\symlasy=\mathgroup4
LaTeX Font Info:    Overwriting symbol font `lasy' in version `bold'
(Font)                  U/lasy/m/n --> U/lasy/b/n on input line 52.
) (/usr/local/texlive/2020/texmf-dist/tex/latex/base/ifthen.sty
Package: ifthen 2014/09/29 v1.1c Standard LaTeX ifthen package (DPC)
)
\symlength=\skip49
\equalswidth=\skip50
\charwidth=\skip51
\boxrulewd=\skip52
\boxlineht=\skip53
\boxruleht=\skip54
\boxruledp=\skip55
\pcalvspace=\skip56
\lcomindent=\skip57
\@xlen=\skip58
\templena=\skip59
\templenb=\skip60
\tempboxa=\box47
\vshadelen=\skip61
\boxwidth=\skip62
\multicommentdepth=\skip63
\c@pardepth=\count183
\tempsbox=\box48
\@cparht=\skip64
\@cpardp=\skip65
\xmcomlen=\skip66
\spacewidth=\skip67
\alignboxwidth=\skip68
\alignwidth=\skip69
\alignbox=\box49
\symtlaitalics=\mathgroup5
\c@tlx@ctr=\count184
(/usr/local/texlive/2020/texmf-dist/tex/latex/tools/verbatim.sty
Package: verbatim 2020-07-07 v1.5u LaTeX2e package for verbatim enhancements
\every@verbatim=\toks15
\verbatim@line=\toks16
\verbatim@in@stream=\read2
) (/usr/local/texlive/2020/texmf-dist/tex/latex/l3backend/l3backend-pdftex.def
File: l3backend-pdftex.def 2020-09-24 L3 backend support: PDF output (pdfTeX)
\l__kernel_color_stack_int=\count185
\l__pdf_internal_box=\box50
) (./Firewall.aux)
\openout1 = `Firewall.aux'.

LaTeX Font Info:    Checking defaults for OML/cmm/m/it on input line 939.
LaTeX Font Info:    ... okay on input line 939.
LaTeX Font Info:    Checking defaults for OMS/cmsy/m/n on input line 939.
LaTeX Font Info:    ... okay on input line 939.
LaTeX Font Info:    Checking defaults for OT1/cmr/m/n on input line 939.
LaTeX Font Info:    ... okay on input line 939.
LaTeX Font Info:    Checking defaults for T1/cmr/m/n on input line 939.
LaTeX Font Info:    ... okay on input line 939.
LaTeX Font Info:    Checking defaults for TS1/cmr/m/n on input line 939.
LaTeX Font Info:    ... okay on input line 939.
LaTeX Font Info:    Checking defaults for OMX/cmex/m/n on input line 939.
LaTeX Font Info:    ... okay on input line 939.
LaTeX Font Info:    Checking defaults for U/cmr/m/n on input line 939.
LaTeX Font Info:    ... okay on input line 939.
(/usr/local/texlive/2020/texmf-dist/tex/context/base/mkii/supp-pdf.mkii
[Loading MPS to PDF converter (version 2006.09.02).]
\scratchcounter=\count186
\scratchdimen=\dimen139
\scratchbox=\box51
\nofMPsegments=\count187
\nofMParguments=\count188
\everyMPshowfont=\toks17
\MPscratchCnt=\count189
\MPscratchDim=\dimen140
\MPnumerator=\count190
\makeMPintoPDFobject=\count191
\everyMPtoPDFconversion=\toks18
)
LaTeX Font Info:    External font `cmex10' loaded for size
(Font)              <7> on input line 942.
LaTeX Font Info:    External font `cmex10' loaded for size
(Font)              <5> on input line 942.
LaTeX Font Info:    Trying to load font information for U+lasy on input line 94
2.
(/usr/local/texlive/2020/texmf-dist/tex/latex/base/ulasy.fd
File: ulasy.fd 1998/08/17 v2.2e LaTeX symbol font definitions
)
LaTeX Font Info:    External font `cmex10' loaded for size
(Font)              <8> on input line 959.
LaTeX Font Info:    External font `cmex10' loaded for size
(Font)              <6> on input line 959.
[1

{/usr/local/texlive/2020/texmf-var/fonts/map/pdftex/updmap/pdftex.map}] (./Fire
wall.aux) ) 
Here is how much of TeX's memory you used:
 1277 strings out of 479917
 17767 string characters out of 5882711
 298262 words of memory out of 5000000
 17891 multiletter control sequences out of 15000+600000
 539953 words of font info for 48 fonts, out of 8000000 for 9000
 1141 hyphenation exceptions out of 8191
 43i,10n,49p,221b,302s stack positions out of 5000i,500n,10000p,200000b,80000s
</usr/local/texlive/2020/texmf-dist/fonts/type1/public/amsfonts/cm/c
mcsc10.pfb></usr/local/texlive/2020/texmf-dist/fonts/type1/public/amsfonts/cm/c
mmi10.pfb></usr/local/texlive/2020/texmf-dist/fonts/type1/public/amsfonts/cm/cm
r10.pfb></usr/local/texlive/2020/texmf-dist/fonts/type1/public/amsfonts/cm/cmr5
.pfb></usr/local/texlive/2020/texmf-dist/fonts/type1/public/amsfonts/cm/cmr8.pf
b></usr/local/texlive/2020/texmf-dist/fonts/type1/public/amsfonts/cm/cmsy10.pfb
></usr/local/texlive/2020/texmf-dist/fonts/type1/public/amsfonts/cm/cmsy7.pfb><
/usr/local/texlive/2020/texmf-dist/fonts/type1/public/amsfonts/cm/cmsy8.pfb></u
sr/local/texlive/2020/texmf-dist/fonts/type1/public/amsfonts/cm/cmti10.pfb></us
r/local/texlive/2020/texmf-dist/fonts/type1/public/amsfonts/cm/cmti8.pfb>
Output written on Firewall.pdf (1 page, 100862 bytes).
PDF statistics:
 48 PDF objects out of 1000 (max. 8388607)
 34 compressed objects within 1 object stream
 0 named destinations out of 1000 (max. 500000)
 1 words of extra memory for PDF output out of 10000 (max. 10000000)

